2019-11-08 14:56:57: SYSMEX XN-350 handler started...
2019-11-08 14:56:57: Starting Server scoket on port 5150
2019-11-08 14:56:57: Waiting for Equipment connection...
2019-11-08 14:56:57: Listening on port 5150...
2019-11-08 14:57:57: SYSMEX XN-350 handler started...
2019-11-08 14:57:57: Starting Server scoket on port 5150
2019-11-08 14:57:57: could not listen on port :5150 Address already in use: bind
2019-11-08 15:50:46: SYSMEX XN-350 handler started...
2019-11-08 15:50:46: Starting Server scoket on port 5150
2019-11-08 15:50:46: could not listen on port :5150 Address already in use: bind
2019-11-08 15:53:13: SYSMEX XN-350 handler started...
2019-11-08 15:53:13: Starting Server scoket on port 5150
2019-11-08 15:53:13: Waiting for Equipment connection...
2019-11-08 15:53:13: Listening on port 5150...
2019-11-08 15:54:19: SYSMEX XN-350 handler started...
2019-11-08 15:54:19: Starting Server scoket on port 5150
2019-11-08 15:54:19: could not listen on port :5150 Address already in use: bind
2019-11-08 15:54:32: SYSMEX XN-350 handler started...
2019-11-08 15:54:32: Starting Server scoket on port 5150
2019-11-08 15:54:32: Waiting for Equipment connection...
2019-11-08 15:54:32: Listening on port 5150...
2019-11-08 16:11:10: SYSMEX XN-350 handler started...
2019-11-08 16:11:10: Starting Server scoket on port 8080
2019-11-08 16:11:10: Waiting for Equipment connection...
2019-11-08 16:11:10: Listening on port 8080...
2019-11-08 16:12:05: SYSMEX XN-350 handler started...
2019-11-08 16:12:05: Starting Server scoket on port 8080
2019-11-08 16:12:05: could not listen on port :8080 Address already in use: bind
2019-11-08 16:13:38: SYSMEX XN-350 handler started...
2019-11-08 16:13:38: Starting Server scoket on port 8080
2019-11-08 16:13:38: Waiting for Equipment connection...
2019-11-08 16:13:38: Listening on port 8080...
2019-11-08 16:16:10: SYSMEX XN-350 handler started...
2019-11-08 16:16:10: Starting Server scoket on port 8080
2019-11-08 16:16:10: Waiting for Equipment connection...
2019-11-08 16:16:10: Listening on port 8080...
2019-11-08 16:16:14: SYSMEX XN-350 handler stopped
2019-11-08 16:16:14: could not listen on port :8080 Socket closed
2019-11-08 16:16:22: SYSMEX XN-350 handler started...
2019-11-08 16:16:22: Starting Server scoket on port 8080
2019-11-08 16:16:22: Waiting for Equipment connection...
2019-11-08 16:16:22: Listening on port 8080...
2019-11-08 16:17:28: SYSMEX XN-350 handler stopped
2019-11-08 16:17:28: could not listen on port :8080 Socket closed
2019-11-08 16:23:33: SYSMEX XN-350 handler started...
2019-11-08 16:23:33: Starting Server scoket on port 8080
2019-11-08 16:23:34: Waiting for Equipment connection...
2019-11-08 16:23:34: Listening on port 8080...
2019-11-08 16:23:38: SYSMEX XN-350 handler stopped
2019-11-08 16:23:38: could not listen on port :8080 Socket closed
2019-11-08 16:40:46: SYSMEX XN-350 handler started...
2019-11-08 16:40:46: Starting Server scoket on port 8080
2019-11-08 16:40:46: Waiting for Equipment connection...
2019-11-08 16:40:46: Listening on port 8080...
2019-11-08 16:41:43: SYSMEX XN-350 handler stopped
2019-11-08 16:41:43: could not listen on port :8080 socket closed
2019-11-08 16:41:47: SYSMEX XN-350 handler started...
2019-11-08 16:41:47: Starting Server scoket on port 8080
2019-11-08 16:41:47: Waiting for Equipment connection...
2019-11-08 16:41:47: Listening on port 8080...
2019-11-08 16:42:51: SYSMEX XN-350 handler started...
2019-11-08 16:42:51: Starting Server scoket on port 8080
2019-11-08 16:42:51: Waiting for Equipment connection...
2019-11-08 16:42:51: Listening on port 8080...
2019-11-08 16:46:48: SYSMEX XN-350 handler stopped
2019-11-08 16:46:48: could not listen on port :8080 socket closed
2019-11-08 16:46:50: SYSMEX XN-350 handler started...
2019-11-08 16:46:50: Starting Server scoket on port 8080
2019-11-08 16:46:50: Waiting for Equipment connection...
2019-11-08 16:46:50: Listening on port 8080...
2019-11-08 16:48:47: SYSMEX XN-350 handler stopped
2019-11-08 16:48:47: could not listen on port :8080 socket closed
2019-11-08 16:48:59: SYSMEX XN-350 handler started...
2019-11-08 16:48:59: Starting Server scoket on port 8080
2019-11-08 16:48:59: Waiting for Equipment connection...
2019-11-08 16:48:59: Listening on port 8080...
2019-11-08 16:49:31: SYSMEX XN-350 handler stopped
2019-11-08 16:49:31: could not listen on port :8080 socket closed
2019-11-08 16:49:32: SYSMEX XN-350 handler started...
2019-11-08 16:49:32: Starting Server scoket on port 8080
2019-11-08 16:49:32: Waiting for Equipment connection...
2019-11-08 16:49:32: Listening on port 8080...
2019-11-08 16:49:58: SYSMEX XN-350 handler started...
2019-11-08 16:49:58: Starting Server scoket on port 8080
2019-11-08 16:49:58: Waiting for Equipment connection...
2019-11-08 16:49:58: Listening on port 8080...
2019-11-08 16:52:12: SYSMEX XN-350 is now Connected...
2019-11-08 16:52:13: Client thread has started
2019-11-08 16:52:13: Client thread has started
2019-11-08 16:56:37: SYSMEX XN-350 handler started...
2019-11-08 16:56:37: Starting Server scoket on port 8080
2019-11-08 16:56:37: Waiting for Equipment connection...
2019-11-08 16:56:37: Listening on port 8080...
2019-11-08 16:57:05: SYSMEX XN-350 is now Connected...
2019-11-08 16:57:05: Client thread has started
2019-11-08 16:57:05: Client thread has started
2019-11-08 16:57:11: Connection reset
2019-11-08 16:57:11
java.net.SocketException: Connection reset
	at java.net.SocketInputStream.read(Unknown Source)
	at java.net.SocketInputStream.read(Unknown Source)
	at sun.nio.cs.StreamDecoder.readBytes(Unknown Source)
	at sun.nio.cs.StreamDecoder.implRead(Unknown Source)
	at sun.nio.cs.StreamDecoder.read(Unknown Source)
	at java.io.InputStreamReader.read(Unknown Source)
	at java.io.BufferedReader.fill(Unknown Source)
	at java.io.BufferedReader.readLine(Unknown Source)
	at java.io.BufferedReader.readLine(Unknown Source)
	at TCPIP.ClientThread.run(ClientThread.java:152)
2019-11-08 16:57:11: Connection reset
2019-11-08 16:57:11: The socket has been closed at the other end
2019-11-08 16:57:38: SYSMEX XN-350 handler stopped
2019-11-08 16:57:46: SYSMEX XN-350 handler started...
2019-11-08 16:57:46: Starting Server scoket on port 8080
2019-11-08 16:57:46: Waiting for Equipment connection...
2019-11-08 16:57:46: Listening on port 8080...
2019-11-08 16:58:11: SYSMEX XN-350 is now Connected...
2019-11-08 16:58:11: Client thread has started
2019-11-08 16:58:11: Client thread has started
2019-11-08 16:59:28: Socket closed
2019-11-08 16:59:28
java.net.SocketException: Socket closed
	at java.net.SocketInputStream.socketRead0(Native Method)
	at java.net.SocketInputStream.socketRead(Unknown Source)
	at java.net.SocketInputStream.read(Unknown Source)
	at java.net.SocketInputStream.read(Unknown Source)
	at sun.nio.cs.StreamDecoder.readBytes(Unknown Source)
	at sun.nio.cs.StreamDecoder.implRead(Unknown Source)
	at sun.nio.cs.StreamDecoder.read(Unknown Source)
	at java.io.InputStreamReader.read(Unknown Source)
	at java.io.BufferedReader.fill(Unknown Source)
	at java.io.BufferedReader.readLine(Unknown Source)
	at java.io.BufferedReader.readLine(Unknown Source)
	at TCPIP.ClientThread.run(ClientThread.java:152)
2019-11-08 16:59:28: SYSMEX XN-350 handler stopped
2019-11-08 16:59:28: Socket closed
2019-11-08 16:59:28: SOcket Closed
2019-11-08 17:01:39: SYSMEX XN-350 handler started...
2019-11-08 17:01:39: Starting Server scoket on port 8080
2019-11-08 17:01:39: Waiting for Equipment connection...
2019-11-08 17:01:39: Listening on port 8080...
2019-11-08 17:02:11: SYSMEX XN-350 is now Connected...
2019-11-08 17:02:11: Client thread has started
2019-11-08 17:02:11: Client thread has started
2019-11-08 17:34:17: Network is unreachable: recv failed
2019-11-08 17:34:17
java.net.SocketException: Network is unreachable: recv failed
	at java.net.SocketInputStream.socketRead0(Native Method)
	at java.net.SocketInputStream.socketRead(Unknown Source)
	at java.net.SocketInputStream.read(Unknown Source)
	at java.net.SocketInputStream.read(Unknown Source)
	at sun.nio.cs.StreamDecoder.readBytes(Unknown Source)
	at sun.nio.cs.StreamDecoder.implRead(Unknown Source)
	at sun.nio.cs.StreamDecoder.read(Unknown Source)
	at java.io.InputStreamReader.read(Unknown Source)
	at java.io.BufferedReader.fill(Unknown Source)
	at java.io.BufferedReader.readLine(Unknown Source)
	at java.io.BufferedReader.readLine(Unknown Source)
	at TCPIP.ClientThread.run(ClientThread.java:152)
2019-11-08 17:34:17: Network is unreachable: recv failed
2019-11-08 17:34:17: The socket has been closed at the other end
2019-11-08 18:57:00: SYSMEX XN-350 handler started...
2019-11-08 18:57:00: Starting Server scoket on port 8080
2019-11-08 18:57:01: Waiting for Equipment connection...
2019-11-08 18:57:01: Listening on port 8080...
2019-11-08 18:58:02: SYSMEX XN-350 handler started...
2019-11-08 18:58:02: Starting Server scoket on port 8080
2019-11-08 18:58:02: could not listen on port :8080 Address already in use: JVM_Bind
2019-11-08 18:58:21: SYSMEX XN-350 handler started...
2019-11-08 18:58:21: Starting Server scoket on port 8080
2019-11-08 18:58:21: Waiting for Equipment connection...
2019-11-08 18:58:21: Listening on port 8080...
2019-11-08 19:01:19: SYSMEX XN-350 handler stopped
2019-11-08 19:01:19: could not listen on port :8080 socket closed
2019-11-08 19:01:22: SYSMEX XN-350 handler started...
2019-11-08 19:01:22: Starting Server scoket on port 8080
2019-11-08 19:01:22: Waiting for Equipment connection...
2019-11-08 19:01:22: Listening on port 8080...
2019-11-08 19:01:49: SYSMEX XN-350 is now Connected...
2019-11-08 19:01:50: Client thread has started
2019-11-08 19:01:50: Client thread has started
2019-11-08 19:04:49: Connection reset
2019-11-08 19:04:49
java.net.SocketException: Connection reset
	at java.net.SocketInputStream.read(Unknown Source)
	at java.net.SocketInputStream.read(Unknown Source)
	at sun.nio.cs.StreamDecoder.readBytes(Unknown Source)
	at sun.nio.cs.StreamDecoder.implRead(Unknown Source)
	at sun.nio.cs.StreamDecoder.read(Unknown Source)
	at java.io.InputStreamReader.read(Unknown Source)
	at java.io.BufferedReader.fill(Unknown Source)
	at java.io.BufferedReader.readLine(Unknown Source)
	at java.io.BufferedReader.readLine(Unknown Source)
	at TCPIP.ClientThread.run(ClientThread.java:152)
2019-11-08 19:04:49: Connection reset
2019-11-08 19:04:49: The socket has been closed at the other end
2019-11-08 19:22:21: SYSMEX XN-350 handler started...
2019-11-08 19:22:21: Starting Server scoket on port 8080
2019-11-08 19:22:21: could not listen on port :8080 Address already in use: JVM_Bind
2019-11-08 19:22:43: SYSMEX XN-350 handler started...
2019-11-08 19:22:43: Starting Server scoket on port 8080
2019-11-08 19:22:43: could not listen on port :8080 Address already in use: JVM_Bind
2019-11-08 19:23:08: SYSMEX XN-350 handler started...
2019-11-08 19:23:08: Starting Server scoket on port 8080
2019-11-08 19:23:08: Waiting for Equipment connection...
2019-11-08 19:23:08: Listening on port 8080...
2019-11-08 19:23:53: SYSMEX XN-350 is now Connected...
2019-11-08 19:23:53: Client thread has started
2019-11-08 19:23:53: Client thread has started
2019-11-08 19:24:14: Socket closed
2019-11-08 19:24:14: SYSMEX XN-350 handler stopped
2019-11-08 19:24:14
java.net.SocketException: Socket closed
	at java.net.SocketInputStream.socketRead0(Native Method)
	at java.net.SocketInputStream.socketRead(Unknown Source)
	at java.net.SocketInputStream.read(Unknown Source)
	at java.net.SocketInputStream.read(Unknown Source)
	at sun.nio.cs.StreamDecoder.readBytes(Unknown Source)
	at sun.nio.cs.StreamDecoder.implRead(Unknown Source)
	at sun.nio.cs.StreamDecoder.read(Unknown Source)
	at java.io.InputStreamReader.read(Unknown Source)
	at java.io.BufferedReader.fill(Unknown Source)
	at java.io.BufferedReader.readLine(Unknown Source)
	at java.io.BufferedReader.readLine(Unknown Source)
	at TCPIP.ClientThread.run(ClientThread.java:152)
2019-11-08 19:24:14: Socket closed
2019-11-08 19:24:14: SOcket Closed
2019-11-08 19:24:15: SYSMEX XN-350 handler started...
2019-11-08 19:24:15: Starting Server scoket on port 8080
2019-11-08 19:24:15: Waiting for Equipment connection...
2019-11-08 19:24:15: Listening on port 8080...
2019-11-08 19:26:39: SYSMEX XN-350 handler stopped
2019-11-08 19:26:39: could not listen on port :8080 socket closed
2019-11-08 19:26:41: SYSMEX XN-350 handler started...
2019-11-08 19:26:41: Starting Server scoket on port 8080
2019-11-08 19:26:41: Waiting for Equipment connection...
2019-11-08 19:26:41: Listening on port 8080...
2019-11-08 19:27:58: SYSMEX XN-350 is now Connected...
2019-11-08 19:27:58: Client thread has started
2019-11-08 19:27:58: Client thread has started
2019-11-08 19:28:46: Socket closed
2019-11-08 19:28:46
java.net.SocketException: Socket closed
	at java.net.SocketInputStream.socketRead0(Native Method)
	at java.net.SocketInputStream.socketRead(Unknown Source)
	at java.net.SocketInputStream.read(Unknown Source)
	at java.net.SocketInputStream.read(Unknown Source)
	at sun.nio.cs.StreamDecoder.readBytes(Unknown Source)
	at sun.nio.cs.StreamDecoder.implRead(Unknown Source)
	at sun.nio.cs.StreamDecoder.read(Unknown Source)
	at java.io.InputStreamReader.read(Unknown Source)
	at java.io.BufferedReader.fill(Unknown Source)
	at java.io.BufferedReader.readLine(Unknown Source)
	at java.io.BufferedReader.readLine(Unknown Source)
	at TCPIP.ClientThread.run(ClientThread.java:152)
2019-11-08 19:28:46: SYSMEX XN-350 handler stopped
2019-11-08 19:28:46: Socket closed
2019-11-08 19:28:46: SOcket Closed
2019-11-08 19:28:54: SYSMEX XN-350 handler started...
2019-11-08 19:28:54: Starting Server scoket on port 8080
2019-11-08 19:28:54: Waiting for Equipment connection...
2019-11-08 19:28:54: Listening on port 8080...
2019-11-08 19:28:55: SYSMEX XN-350 is now Connected...
2019-11-08 19:28:55: Client thread has started
2019-11-08 19:28:55: Client thread has started
2019-11-08 19:30:22: Socket closed
2019-11-08 19:30:22
java.net.SocketException: Socket closed
	at java.net.SocketInputStream.socketRead0(Native Method)
	at java.net.SocketInputStream.socketRead(Unknown Source)
	at java.net.SocketInputStream.read(Unknown Source)
	at java.net.SocketInputStream.read(Unknown Source)
	at sun.nio.cs.StreamDecoder.readBytes(Unknown Source)
	at sun.nio.cs.StreamDecoder.implRead(Unknown Source)
	at sun.nio.cs.StreamDecoder.read(Unknown Source)
	at java.io.InputStreamReader.read(Unknown Source)
	at java.io.BufferedReader.fill(Unknown Source)
	at java.io.BufferedReader.readLine(Unknown Source)
	at java.io.BufferedReader.readLine(Unknown Source)
	at TCPIP.ClientThread.run(ClientThread.java:152)
2019-11-08 19:30:22: SYSMEX XN-350 handler stopped
2019-11-08 19:30:22: Socket closed
2019-11-08 19:30:22: SOcket Closed
2019-11-08 19:30:24: SYSMEX XN-350 handler started...
2019-11-08 19:30:24: Starting Server scoket on port 8080
2019-11-08 19:30:24: Waiting for Equipment connection...
2019-11-08 19:30:24: Listening on port 8080...
2019-11-08 19:30:43: SYSMEX XN-350 handler stopped
2019-11-08 19:30:43: could not listen on port :8080 socket closed
2019-11-08 19:30:49: SYSMEX XN-350 handler started...
2019-11-08 19:30:49: Starting Server scoket on port 8080
2019-11-08 19:30:49: Waiting for Equipment connection...
2019-11-08 19:30:49: Listening on port 8080...
2019-11-08 19:30:55: SYSMEX XN-350 is now Connected...
2019-11-08 19:30:55: Client thread has started
2019-11-08 19:30:55: Client thread has started
2019-11-08 19:45:15: Socket closed
2019-11-08 19:45:15
java.net.SocketException: Socket closed
	at java.net.SocketInputStream.socketRead0(Native Method)
	at java.net.SocketInputStream.socketRead(Unknown Source)
	at java.net.SocketInputStream.read(Unknown Source)
	at java.net.SocketInputStream.read(Unknown Source)
	at sun.nio.cs.StreamDecoder.readBytes(Unknown Source)
	at sun.nio.cs.StreamDecoder.implRead(Unknown Source)
	at sun.nio.cs.StreamDecoder.read(Unknown Source)
	at java.io.InputStreamReader.read(Unknown Source)
	at java.io.BufferedReader.fill(Unknown Source)
	at java.io.BufferedReader.readLine(Unknown Source)
	at java.io.BufferedReader.readLine(Unknown Source)
	at TCPIP.ClientThread.run(ClientThread.java:152)
2019-11-08 19:45:15: SYSMEX XN-350 handler stopped
2019-11-08 19:45:15: Socket closed
2019-11-08 19:45:15: SOcket Closed
